<?xml version="1.0" encoding="UTF-8"?>
<!-- Generated by org.testng.reporters.JUnitReportReporter -->
<testsuite skipped="0" hostname="VITTHAL" name="testng.TestNg1" tests="2" failures="0" timestamp="2022-05-14T07:37:51 IST" time="0.008" errors="0">
  <testcase name="Login" time="0.005" classname="testng.TestNg1"/>
  <system-out/>
  <testcase name="Task" time="0.003" classname="testng.TestNg1"/>
  <system-out/>
</testsuite> <!-- testng.TestNg1 -->
