<?xml version="1.0" encoding="UTF-8"?>
<!-- Generated by org.testng.reporters.JUnitReportReporter -->
<testsuite skipped="0" hostname="VITTHAL" name="testng.TestNg2" tests="3" failures="0" timestamp="2022-05-14T07:44:05 IST" time="0.018" errors="0">
  <testcase name="verifyLogin" time="0.007" classname="testng.TestNg2"/>
  <system-out/>
  <testcase name="createTask" time="0.002" classname="testng.TestNg2"/>
  <system-out/>
  <testcase name="deleteTask" time="0.009" classname="testng.TestNg2"/>
  <system-out/>
</testsuite> <!-- testng.TestNg2 -->
